AliyunLiveShiftPlayer/build/intermediates/manifest_merge_blame_file/debug/manifest-merger-blame-debug-report.txt
1<?xml version="1.0" encoding="utf-8"?>
2<manifest xmlns:android="http://schemas.android.com/apk/res/android"
3    package="com.aliyun.sdk.player.aliyunliveshiftplayer" >
4
5    <uses-sdk android:minSdkVersion="23" />
5-->src/main/AndroidManifest.xml
6
7    <uses-permission android:name="android.permission.ACCESS_NETWORK_STATE" />
7-->src/main/AndroidManifest.xml:5:5-79
7-->src/main/AndroidManifest.xml:5:22-76
8
9    <application>
9-->src/main/AndroidManifest.xml:6:5-13:19
10        <activity
10-->src/main/AndroidManifest.xml:8:9-11:74
11            android:name="com.aliyun.ui.activity.AliyunLiveShiftActivity"
11-->src/main/AndroidManifest.xml:8:19-80
12            android:configChanges="orientation|keyboardHidden|screenSize"
12-->src/main/AndroidManifest.xml:9:13-74
13            android:screenOrientation="portrait"
13-->src/main/AndroidManifest.xml:10:13-49
14            android:theme="@style/Theme.AppCompat.DayNight.NoActionBar" />
14-->src/main/AndroidManifest.xml:11:13-72
15    </application>
16
17</manifest>